make --dry-run --always-make --keep-going --print-directory
make: Entering directory `/Users/cembolat/Desktop/FT_IRC-Internet_Relay_Chat'
mkdir -p obj
c++ -Wall -Wextra -Werror -std=c++98 -g -I include -c src/Client.cpp -o obj/Client.o
mkdir -p obj
c++ -Wall -Wextra -Werror -std=c++98 -g -I include -c src/Server.cpp -o obj/Server.o
mkdir -p obj
c++ -Wall -Wextra -Werror -std=c++98 -g -I include -c src/TextEngine.cpp -o obj/TextEngine.o
mkdir -p obj
c++ -Wall -Wextra -Werror -std=c++98 -g -I include -c src/Utils.cpp -o obj/Utils.o
mkdir -p obj
c++ -Wall -Wextra -Werror -std=c++98 -g -I include -c src/main.cpp -o obj/main.o
mkdir -p obj
c++ -Wall -Wextra -Werror -std=c++98 -g -I include -c src/x_Cap.cpp -o obj/x_Cap.o
mkdir -p obj
c++ -Wall -Wextra -Werror -std=c++98 -g -I include -c src/x_Join.cpp -o obj/x_Join.o
mkdir -p obj
c++ -Wall -Wextra -Werror -std=c++98 -g -I include -c src/x_Nick.cpp -o obj/x_Nick.o
mkdir -p obj
c++ -Wall -Wextra -Werror -std=c++98 -g -I include -c src/x_Part.cpp -o obj/x_Part.o
mkdir -p obj
c++ -Wall -Wextra -Werror -std=c++98 -g -I include -c src/x_Pass.cpp -o obj/x_Pass.o
mkdir -p obj
c++ -Wall -Wextra -Werror -std=c++98 -g -I include -c src/x_Privmsg.cpp -o obj/x_Privmsg.o
mkdir -p obj
c++ -Wall -Wextra -Werror -std=c++98 -g -I include -c src/x_User.cpp -o obj/x_User.o
c++ -Wall -Wextra -Werror -std=c++98 -g obj/Client.o obj/Server.o obj/TextEngine.o obj/Utils.o obj/main.o obj/x_Cap.o obj/x_Join.o obj/x_Nick.o obj/x_Part.o obj/x_Pass.o obj/x_Privmsg.o obj/x_User.o -o ircserv
make: Leaving directory `/Users/cembolat/Desktop/FT_IRC-Internet_Relay_Chat'
 
